\BOOKMARK [-1][-]{part.1}{I\040Introduction}{}% 1
\BOOKMARK [0][-]{chapter.1}{Summary}{part.1}% 2
\BOOKMARK [0][-]{chapter.2}{References}{part.1}% 3
\BOOKMARK [0][-]{chapter.3}{Actors}{part.1}% 4
\BOOKMARK [1][-]{section.3.1}{People}{chapter.3}% 5
\BOOKMARK [1][-]{section.3.2}{Private\040companies}{chapter.3}% 6
\BOOKMARK [1][-]{section.3.3}{Government\040-\040public}{chapter.3}% 7
\BOOKMARK [1][-]{section.3.4}{Banks}{chapter.3}% 8
\BOOKMARK [2][-]{subsection.3.4.1}{Central\040banks}{section.3.4}% 9
\BOOKMARK [2][-]{subsection.3.4.2}{Investment\040banks}{section.3.4}% 10
\BOOKMARK [1][-]{section.3.5}{Foreign\040regions}{chapter.3}% 11
\BOOKMARK [0][-]{chapter.4}{Inflation}{part.1}% 12
\BOOKMARK [0][-]{chapter.5}{Policy}{part.1}% 13
\BOOKMARK [1][-]{section.5.1}{Monetary\040policy}{chapter.5}% 14
\BOOKMARK [1][-]{section.5.2}{Fiscal\040policy}{chapter.5}% 15
\BOOKMARK [-1][-]{part.2}{II\040Investing\040Principles}{}% 16
\BOOKMARK [0][-]{chapter.6}{Principles\040of\040investing}{part.2}% 17
\BOOKMARK [-1][-]{part.3}{III\040Asset\040classes}{}% 18
\BOOKMARK [0][-]{chapter.7}{Introduction\040to\040asset\040classes}{part.3}% 19
\BOOKMARK [0][-]{chapter.8}{Bonds}{part.3}% 20
\BOOKMARK [0][-]{chapter.9}{Equity}{part.3}% 21
\BOOKMARK [-1][-]{part.4}{IV\040Asset\040allocation}{}% 22
\BOOKMARK [0][-]{chapter.10}{Introduction\040to\040investing}{part.4}% 23
\BOOKMARK [0][-]{chapter.11}{Modern\040Portfolio\040Theory}{part.4}% 24
\BOOKMARK [0][-]{chapter.12}{Capital\040Asset\040Pricing\040Model}{part.4}% 25
