Traceback (most recent call last):
  File "/home/davide/.local/lib/python3.8/site-packages/jupyter_cache/executors/utils.py", line 58, in single_nb_execution
    executenb(
  File "/home/davide/.local/lib/python3.8/site-packages/nbclient/client.py", line 1305, in execute
    return NotebookClient(nb=nb, resources=resources, km=km, **kwargs).execute()
  File "/home/davide/.local/lib/python3.8/site-packages/jupyter_core/utils/__init__.py", line 165, in wrapped
    return loop.run_until_complete(inner)
  File "/usr/lib/python3.8/asyncio/base_events.py", line 616, in run_until_complete
    return future.result()
  File "/home/davide/.local/lib/python3.8/site-packages/nbclient/client.py", line 705, in async_execute
    await self.async_execute_cell(
  File "/home/davide/.local/lib/python3.8/site-packages/nbclient/client.py", line 1058, in async_execute_cell
    await self._check_raise_for_error(cell, cell_index, exec_reply)
  File "/home/davide/.local/lib/python3.8/site-packages/nbclient/client.py", line 914, in _check_raise_for_error
    raise CellExecutionError.from_cell_and_msg(cell, exec_reply_content)
nbclient.exceptions.CellExecutionError: An error occurred while executing the following cell:
------------------
#> Distribution of outcomes
fig, ax = plt.subplots(len(fracs),2, figsize=(6,6))
for itrial in np.arange(nfracs):
    avg = np.mean(trials[itrial]['w'][-1,:])
    n_neg = np.sum(trials[itrial]['w'][-1,:] < 1.)
    print(f"f:{fracs[itrial]}, avg:{avg:8.5f}, n_neg:{n_neg:5d}")
    ax[itrial,0].hist(trials[itrial]['w'][-1,:], density=True,)  # , histtype='step', linewidth=1.5, alpha=.7
    ax[itrial,0].set_xlim(0,5)
    ax[itrial,1].hist(trials[itrial]['w'][-1,:], bins=100, density=True, cumulative=True)
    ax[itrial,1].set_xlim(0,5)
    if ( not itrial == n_fracs-1): 
        ax[itrial,0].set_xticklabels([])
        ax[itrial,1].set_xticklabels([])
    ax[itrial,0].set_yticklabels([])

    ax[itrial,0].set_ylabel(f"f:{fracs[itrial]}")

    ax[itrial,0].grid()
    ax[itrial,1].grid()
------------------


[0;31m---------------------------------------------------------------------------[0m
[0;31mNameError[0m                                 Traceback (most recent call last)
Cell [0;32mIn[5], line 3[0m
[1;32m      1[0m [38;5;66;03m#> Distribution of outcomes[39;00m
[1;32m      2[0m fig, ax [38;5;241m=[39m plt[38;5;241m.[39msubplots([38;5;28mlen[39m(fracs),[38;5;241m2[39m, figsize[38;5;241m=[39m([38;5;241m6[39m,[38;5;241m6[39m))
[0;32m----> 3[0m [38;5;28;01mfor[39;00m itrial [38;5;129;01min[39;00m np[38;5;241m.[39marange([43mnfracs[49m):
[1;32m      4[0m     avg [38;5;241m=[39m np[38;5;241m.[39mmean(trials[itrial][[38;5;124m'[39m[38;5;124mw[39m[38;5;124m'[39m][[38;5;241m-[39m[38;5;241m1[39m,:])
[1;32m      5[0m     n_neg [38;5;241m=[39m np[38;5;241m.[39msum(trials[itrial][[38;5;124m'[39m[38;5;124mw[39m[38;5;124m'[39m][[38;5;241m-[39m[38;5;241m1[39m,:] [38;5;241m<[39m [38;5;241m1.[39m)

[0;31mNameError[0m: name 'nfracs' is not defined

